<?xml version="1.0" encoding="UTF-8"?>
<testsuite name="PatientTest" tests="3" skipped="0" failures="0" errors="0" timestamp="2015-08-26T18:08:44" hostname="epicodus-113.local" time="0.035">
  <properties/>
  <testcase name="all_emptyAtFirst" classname="PatientTest" time="0.015"/>
  <testcase name="save_returnsTrueIfPatientIDAretheSame" classname="PatientTest" time="0.014"/>
  <testcase name="equals_returnsTrueIfPatientNameAreTheSame" classname="PatientTest" time="0.004"/>
  <system-out><![CDATA[]]></system-out>
  <system-err><![CDATA[]]></system-err>
</testsuite>
