<?xml version="1.0" encoding="UTF-8"?>
<testsuite name="PatientTest" tests="3" skipped="0" failures="0" errors="0" timestamp="2015-08-26T21:01:17" hostname="epicodus-113.local" time="0.027">
  <properties/>
  <testcase name="all_emptyAtFirst" classname="PatientTest" time="0.009"/>
  <testcase name="save_returnsTrueIfPatientIDAretheSame" classname="PatientTest" time="0.013"/>
  <testcase name="equals_returnsTrueIfPatientNameAreTheSame" classname="PatientTest" time="0.005"/>
  <system-out><![CDATA[]]></system-out>
  <system-err><![CDATA[]]></system-err>
</testsuite>
