<?xml version="1.0" encoding="UTF-8"?>
<testsuite name="DoctorTest" tests="4" skipped="0" failures="0" errors="0" timestamp="2015-08-26T21:01:16" hostname="epicodus-113.local" time="0.155">
  <properties/>
  <testcase name="equals_returnsTrueIfDoctorsAreTheSame" classname="DoctorTest" time="0.075"/>
  <testcase name="count_returnsCorrectCountsIfDoctorIdAreTheSame" classname="DoctorTest" time="0.037"/>
  <testcase name="getPatientListMatchDoctorID" classname="DoctorTest" time="0.034"/>
  <testcase name="all_emptyAtFirst" classname="DoctorTest" time="0.009"/>
  <system-out><![CDATA[]]></system-out>
  <system-err><![CDATA[]]></system-err>
</testsuite>
